#
# A fatal error has been detected by the Java Runtime Environment:
#
#  EXCEPTION_ACCESS_VIOLATION (0xc0000005) at pc=0x00000000692cbe10, pid=22012, tid=25388
#
# JRE version: 6.0_27-b07
# Java VM: Java HotSpot(TM) 64-Bit Server VM (20.2-b06 mixed mode windows-amd64 compressed oops)
# Problematic frame:
# C  [atio6axx.dll+0x29be10]
#
# If you would like to submit a bug report, please visit:
#   http://java.sun.com/webapps/bugreport/crash.jsp
# The crash happened outside the Java Virtual Machine in native code.
# See problematic frame for where to report the bug.
#

---------------  T H R E A D  ---------------

Current thread (0x000000000021b800):  JavaThread "main" [_thread_in_native, id=25388, stack(0x0000000002510000,0x0000000002610000)]

siginfo: ExceptionCode=0xc0000005, reading address 0x0000000000000000

Registers:
RAX=0x0000000000000003, RBX=0x000000000aadd000, RCX=0x000000000aadd000, RDX=0x000000000aadd0c0
RSP=0x000000000260f1b0, RBP=0x0000000000000000, RSI=0x00000000000000c0, RDI=0x0000000000000000
R8 =0x000000000aadd0b9, R9 =0x0000000000000000, R10=0x0000000006d58880, R11=0x000000000260f560
R12=0x000000006a825080, R13=0x000000006a849c30, R14=0x000000000000000c, R15=0x0000000000000001
RIP=0x00000000692cbe10, EFLAGS=0x0000000000010297

Top of Stack: (sp=0x000000000260f1b0)
0x000000000260f1b0:   0000000000000018 0000000007e33fe0
0x000000000260f1c0:   0000000007e33ff0 000000006a421b4b
0x000000000260f1d0:   0000000000000002 0000000000000018
0x000000000260f1e0:   0000000000000008 0000000069b929ce
0x000000000260f1f0:   000000000003fc00 0000000000000000
0x000000000260f200:   0000000006d58880 0000000007ee2c40
0x000000000260f210:   0000000000000030 0000000007cd6710
0x000000000260f220:   0000000006d84950 000000006a421b4b
0x000000000260f230:   0000000000000002 0000000000000030
0x000000000260f240:   0000000000000040 0000000000000000
0x000000000260f250:   0000000000000008 0000000069b929ce
0x000000000260f260:   0000000000000000 0000000007cd6710
0x000000000260f270:   0000000007ee2c40 0000000007fc6ef0
0x000000000260f280:   0000000007e9be80 0000000069916774
0x000000000260f290:   0000000007e33fd0 0000000000000000
0x000000000260f2a0:   0000000007f61400 0000000069917201 

Instructions: (pc=0x00000000692cbe10)
0x00000000692cbdf0:   8c ad ed ff eb 6c 8b d6 48 8b cb 48 03 d3 4c 8d
0x00000000692cbe00:   42 f9 49 3b d8 73 1d 66 0f 1f 84 00 00 00 00 00
0x00000000692cbe10:   49 8b 01 48 83 c1 08 49 83 c1 08 48 89 41 f8 49
0x00000000692cbe20:   3b c8 72 ec 4c 8d 42 fd 49 3b c8 73 16 0f 1f 00 


Register to memory mapping:

RAX=0x0000000000000003 is an unknown value
RBX=0x000000000aadd000 is an unknown value
RCX=0x000000000aadd000 is an unknown value
RDX=0x000000000aadd0c0 is an unknown value
RSP=0x000000000260f1b0 is pointing into the stack for thread: 0x000000000021b800
RBP=0x0000000000000000 is an unknown value
RSI=0x00000000000000c0 is an unknown value
RDI=0x0000000000000000 is an unknown value
R8 =0x000000000aadd0b9 is an unknown value
R9 =0x0000000000000000 is an unknown value
R10=0x0000000006d58880 is an unknown value
R11=0x000000000260f560 is pointing into the stack for thread: 0x000000000021b800
R12=0x000000006a825080 is an unknown value
R13=0x000000006a849c30 is an unknown value
R14=0x000000000000000c is an unknown value
R15=0x0000000000000001 is an unknown value


Stack: [0x0000000002510000,0x0000000002610000],  sp=0x000000000260f1b0,  free space=1020k
Native frames: (J=compiled Java code, j=interpreted, Vv=VM code, C=native code)
C  [atio6axx.dll+0x29be10]  DrvPresentBuffers+0x236830

[error occurred during error reporting (printing native stack), id 0xc0000005]

Java frames: (J=compiled Java code, j=interpreted, Vv=VM code)
j  org.lwjgl.opengl.GL11.nglDrawArrays(IIIJ)V+0
j  org.lwjgl.opengl.GL11.glDrawArrays(III)V+20
j  Shooter.Cube.DrawObject()V+34
j  Shooter.Cube.UpdateObject(I)V+1
j  Shooter.ShooterGame.start()V+132
j  Shooter.ShooterGame.main([Ljava/lang/String;)V+9
v  ~StubRoutines::call_stub

---------------  P R O C E S S  ---------------

Java Threads: ( => current thread )
  0x000000000621b000 JavaThread "Low Memory Detector" daemon [_thread_blocked, id=22024, stack(0x00000000067d0000,0x00000000068d0000)]
  0x00000000006fe800 JavaThread "C2 CompilerThread1" daemon [_thread_blocked, id=18588, stack(0x00000000066d0000,0x00000000067d0000)]
  0x00000000006f6800 JavaThread "C2 CompilerThread0" daemon [_thread_blocked, id=9632, stack(0x00000000065d0000,0x00000000066d0000)]
  0x00000000006f3800 JavaThread "Attach Listener" daemon [_thread_blocked, id=23624, stack(0x00000000064d0000,0x00000000065d0000)]
  0x00000000006f2800 JavaThread "Signal Dispatcher" daemon [_thread_blocked, id=16672, stack(0x00000000063d0000,0x00000000064d0000)]
  0x00000000006df800 JavaThread "Finalizer" daemon [_thread_blocked, id=25468, stack(0x00000000060d0000,0x00000000061d0000)]
  0x00000000006d6800 JavaThread "Reference Handler" daemon [_thread_blocked, id=23632, stack(0x0000000005fd0000,0x00000000060d0000)]
=>0x000000000021b800 JavaThread "main" [_thread_in_native, id=25388, stack(0x0000000002510000,0x0000000002610000)]

Other Threads:
  0x00000000006d0000 VMThread [stack: 0x0000000005ed0000,0x0000000005fd0000] [id=25404]
  0x000000000621c000 WatcherThread [stack: 0x00000000068d0000,0x00000000069d0000] [id=9088]

VM state:not at safepoint (normal execution)

VM Mutex/Monitor currently owned by a thread: None

Heap
 PSYoungGen      total 19136K, used 3404K [0x00000000eaab0000, 0x00000000ec000000, 0x0000000100000000)
  eden space 16448K, 20% used [0x00000000eaab0000,0x00000000eae032f8,0x00000000ebac0000)
  from space 2688K, 0% used [0x00000000ebd60000,0x00000000ebd60000,0x00000000ec000000)
  to   space 2688K, 0% used [0x00000000ebac0000,0x00000000ebac0000,0x00000000ebd60000)
 PSOldGen        total 43712K, used 0K [0x00000000c0000000, 0x00000000c2ab0000, 0x00000000eaab0000)
  object space 43712K, 0% used [0x00000000c0000000,0x00000000c0000000,0x00000000c2ab0000)
 PSPermGen       total 21248K, used 4814K [0x00000000bae00000, 0x00000000bc2c0000, 0x00000000c0000000)
  object space 21248K, 22% used [0x00000000bae00000,0x00000000bb2b3868,0x00000000bc2c0000)

Code Cache  [0x0000000002610000, 0x0000000002880000, 0x0000000005610000)
 total_blobs=304 nmethods=18 adapters=240 free_code_cache=49864832 largest_free_block=5504

Dynamic libraries:
0x0000000000400000 - 0x000000000042e000 	C:\Program Files\Java\jre6\bin\javaw.exe
0x0000000076e10000 - 0x0000000076fbc000 	C:\Windows\SYSTEM32\ntdll.dll
0x0000000076b90000 - 0x0000000076caf000 	C:\Windows\system32\kernel32.dll
0x000007fefd370000 - 0x000007fefd3db000 	C:\Windows\system32\KERNELBASE.dll
0x000007fefed70000 - 0x000007fefee4b000 	C:\Windows\system32\ADVAPI32.dll
0x000007fefee70000 - 0x000007fefef0f000 	C:\Windows\system32\msvcrt.dll
0x000007fefeac0000 - 0x000007fefeadf000 	C:\Windows\SYSTEM32\sechost.dll
0x000007fefebf0000 - 0x000007fefed1e000 	C:\Windows\system32\RPCRT4.dll
0x0000000076940000 - 0x0000000076a3a000 	C:\Windows\system32\USER32.dll
0x000007fefe4c0000 - 0x000007fefe527000 	C:\Windows\system32\GDI32.dll
0x000007fefe4b0000 - 0x000007fefe4be000 	C:\Windows\system32\LPK.dll
0x000007fefd650000 - 0x000007fefd71a000 	C:\Windows\system32\USP10.dll
0x000007fefd200000 - 0x000007fefd257000 	C:\Windows\system32\apphelp.dll
0x000007fef8b80000 - 0x000007fef8bd1000 	C:\Windows\AppPatch\AppPatch64\AcGenral.DLL
0x000007fefd120000 - 0x000007fefd145000 	C:\Windows\system32\SspiCli.dll
0x000007fefe530000 - 0x000007fefe5a1000 	C:\Windows\system32\SHLWAPI.dll
0x000007fefe8b0000 - 0x000007fefeab1000 	C:\Windows\system32\ole32.dll
0x000007fefd720000 - 0x000007fefe4a6000 	C:\Windows\system32\SHELL32.dll
0x0000000073da0000 - 0x0000000073da3000 	C:\Windows\system32\sfc.dll
0x000007fefb290000 - 0x000007fefb2a0000 	C:\Windows\system32\sfc_os.DLL
0x000007fefc580000 - 0x000007fefc59e000 	C:\Windows\system32\USERENV.dll
0x000007fefd280000 - 0x000007fefd28f000 	C:\Windows\system32\profapi.dll
0x000007fefb5d0000 - 0x000007fefb5e8000 	C:\Windows\system32\dwmapi.dll
0x000007fef9870000 - 0x000007fef9888000 	C:\Windows\system32\MPR.dll
0x000007fefe880000 - 0x000007fefe8ae000 	C:\Windows\system32\IMM32.DLL
0x000007fefeae0000 - 0x000007fefebe9000 	C:\Windows\system32\MSCTF.dll
0x000000006d7f0000 - 0x000000006dfa8000 	C:\Program Files\Java\jre6\bin\server\jvm.dll
0x000007fefb250000 - 0x000007fefb28b000 	C:\Windows\system32\WINMM.dll
0x000000006d760000 - 0x000000006d76e000 	C:\Program Files\Java\jre6\bin\verify.dll
0x000000006d3b0000 - 0x000000006d3d7000 	C:\Program Files\Java\jre6\bin\java.dll
0x000000006d7b0000 - 0x000000006d7c2000 	C:\Program Files\Java\jre6\bin\zip.dll
0x0000000180000000 - 0x000000018004f000 	C:\lwjgl-2.8.3\native\windows\lwjgl64.dll
0x000007fef6d30000 - 0x000007fef6e4d000 	C:\Windows\system32\OPENGL32.dll
0x000007fef8e70000 - 0x000007fef8e9d000 	C:\Windows\system32\GLU32.dll
0x000007fef7f20000 - 0x000007fef8011000 	C:\Windows\system32\DDRAW.dll
0x000007fefb180000 - 0x000007fefb188000 	C:\Windows\system32\DCIMAN32.dll
0x000007fefe650000 - 0x000007fefe827000 	C:\Windows\system32\SETUPAPI.dll
0x000007fefd610000 - 0x000007fefd646000 	C:\Windows\system32\CFGMGR32.dll
0x000007feff040000 - 0x000007feff117000 	C:\Windows\system32\OLEAUT32.dll
0x000007fefd3e0000 - 0x000007fefd3fa000 	C:\Windows\system32\DEVOBJ.dll
0x000007fefc350000 - 0x000007fefc35c000 	C:\Windows\system32\VERSION.dll
0x000007fefbe60000 - 0x000007fefc054000 	C:\Windows\WinSxS\amd64_microsoft.windows.common-controls_6595b64144ccf1df_6.0.7600.16385_none_fa645303170382f6\COMCTL32.dll
0x000007fefba00000 - 0x000007fefba56000 	C:\Windows\system32\uxtheme.dll
0x000007fefb160000 - 0x000007fefb169000 	C:\Windows\system32\atig6pxx.dll
0x0000000069030000 - 0x000000006a9b3000 	C:\Windows\system32\atio6axx.dll
0x000007fef7980000 - 0x000007fef7a8b000 	C:\Windows\system32\aticfx64.dll
0x000007fefacb0000 - 0x000007fefad3b000 	C:\Windows\system32\atiadlxx.dll
0x000007fefc390000 - 0x000007fefc3a1000 	C:\Windows\system32\WTSAPI32.dll
0x0000000076fe0000 - 0x0000000076fe7000 	C:\Windows\system32\PSAPI.DLL
0x000007fefd330000 - 0x000007fefd36a000 	C:\Windows\system32\WINTRUST.dll
0x000007fefd400000 - 0x000007fefd566000 	C:\Windows\system32\CRYPT32.dll
0x000007fefd320000 - 0x000007fefd32f000 	C:\Windows\system32\MSASN1.dll
0x000007fefaf50000 - 0x000007fefaf5e000 	C:\Windows\system32\atig6txx.dll
0x000007fefd150000 - 0x000007fefd15f000 	C:\Windows\system32\CRYPTBASE.dll
0x000007fefe5b0000 - 0x000007fefe649000 	C:\Windows\system32\CLBCatQ.DLL
0x000007fefafe0000 - 0x000007fefb07c000 	C:\Windows\system32\mscms.dll
0x000007fef86e0000 - 0x000007fef8722000 	C:\Windows\system32\icm32.dll
0x000007fef3140000 - 0x000007fef3265000 	C:\Windows\system32\dbghelp.dll

VM Arguments:
jvm_args: -Djava.library.path=C:\lwjgl-2.8.3\native\windows -Dfile.encoding=Cp1252 
java_command: Shooter.ShooterGame
Launcher Type: SUN_STANDARD

Environment Variables:
PATH=C:\Program Files (x86)\AMD APP\bin\x86_64;C:\Program Files (x86)\AMD APP\bin\x86;C:\Program Files\Common Files\Microsoft Shared\Windows Live;C:\Program Files (x86)\Common Files\Microsoft Shared\Windows Live;C:\Program Files (x86)\MiKTeX 2.9\miktex\bin;C:\Windows\system32;C:\Windows;C:\Windows\System32\Wbem;C:\Windows\System32\WindowsPowerShell\v1.0\;C:\Program Files\Broadcom\Broadcom 802.11\Driver;C:\Program Files (x86)\ATI Technologies\ATI.ACE\Core-Static;C:\Program Files (x86)\Windows Live\Shared;c:\Program Files (x86)\Microsoft SQL Server\100\Tools\Binn\;c:\Program Files\Microsoft SQL Server\100\Tools\Binn\;c:\Program Files\Microsoft SQL Server\100\DTS\Binn\;C:\Program Files (x86)\OpenRAVE-0.4.2\bin;C:\Program Files\Microsoft Network Monitor 3\;C:\Program Files (x86)\Calibre2\
USERNAME=Bobbias
OS=Windows_NT
PROCESSOR_IDENTIFIER=AMD64 Family 16 Model 6 Stepping 2, AuthenticAMD



---------------  S Y S T E M  ---------------

OS: Windows 7 , 64 bit Build 7600 

CPU:total 2 (2 cores per cpu, 1 threads per core) family 16 model 6 stepping 2, cmov, cx8, fxsr, mmx, sse, sse2, sse3, popcnt, mmxext, 3dnow, 3dnowext, lzcnt

Memory: 4k page, physical 4192624k(850412k free), swap 9138980k(2578784k free)

vm_info: Java HotSpot(TM) 64-Bit Server VM (20.2-b06) for windows-amd64 JRE (1.6.0_27-b07), built on Jul 19 2011 01:08:22 by "java_re" with MS VC++ 8.0 (VS2005)

time: Mon May 14 00:47:17 2012
elapsed time: 0 seconds

